15:11:47.027 [main] DEBUG - Parsing relationship: /xl/_rels/workbook.xml.rels
15:11:47.031 [main] DEBUG - Parsing relationship: /_rels/.rels
15:11:47.181 [main] TRACE - Loading type system org.apache.poi.schemas.ooxml.system.ooxml
15:11:47.183 [main] TRACE - Loading type system org.apache.xmlbeans.metadata.system.sXMLCONFIG
15:11:47.183 [main] TRACE - Loading type system org.apache.xmlbeans.metadata.system.sXMLLANG
15:11:47.183 [main] TRACE - Loading type system org.apache.xmlbeans.metadata.system.sXMLSCHEMA
15:11:47.184 [main] TRACE - Loading type system org.apache.xmlbeans.metadata.system.sXMLTOOLS
15:11:47.185 [main] TRACE - Reading unresolved handles for type system org.apache.xmlbeans.metadata.system.sXMLTOOLS
15:11:47.195 [main] TRACE - Finished loading type system org.apache.xmlbeans.metadata.system.sXMLTOOLS
15:11:47.196 [main] TRACE - Reading unresolved handles for type system org.apache.xmlbeans.metadata.system.sXMLSCHEMA
15:11:47.199 [main] TRACE - Finished loading type system org.apache.xmlbeans.metadata.system.sXMLSCHEMA
15:11:47.200 [main] TRACE - Reading unresolved handles for type system org.apache.xmlbeans.metadata.system.sXMLLANG
15:11:47.201 [main] TRACE - Finished loading type system org.apache.xmlbeans.metadata.system.sXMLLANG
15:11:47.202 [main] TRACE - Reading unresolved handles for type system org.apache.xmlbeans.metadata.system.sXMLCONFIG
15:11:47.203 [main] TRACE - Finished loading type system org.apache.xmlbeans.metadata.system.sXMLCONFIG
15:11:47.204 [main] TRACE - Reading unresolved handles for type system org.apache.poi.schemas.ooxml.system.ooxml
15:11:47.268 [main] TRACE - Finished loading type system org.apache.poi.schemas.ooxml.system.ooxml
15:11:47.269 [main] TRACE - Resolving type for handle themefd26doctype
15:11:47.322 [main] TRACE - Resolving type for handle stylesheet5d8bdoctype
15:11:47.331 [main] TRACE - Resolving type for handle ctstylesheet4257type
15:11:47.339 [main] TRACE - Resolving type for handle ctfonts6623type
15:11:47.342 [main] TRACE - Resolving type for handle ctfont14d8type
15:11:47.346 [main] TRACE - Resolving type for handle ctfills2c6ftype
15:11:47.348 [main] TRACE - Resolving type for handle ctfill550ctype
15:11:47.350 [main] TRACE - Resolving type for handle ctborders0d66type
15:11:47.352 [main] TRACE - Resolving type for handle ctborderf935type
15:11:47.354 [main] TRACE - Resolving type for handle ctcellxfs1322type
15:11:47.356 [main] TRACE - Resolving type for handle ctxf97f7type
15:11:47.358 [main] TRACE - Resolving type for handle ctcellstylexfsa81ftype
15:11:47.360 [main] TRACE - Resolving type for handle ctdxfsb26atype
15:11:47.362 [main] TRACE - Resolving type for handle cttablestyles872ftype
15:11:47.365 [main] TRACE - Resolving type for handle sstf81fdoctype
15:11:47.368 [main] TRACE - Resolving type for handle ctsst44f3type
15:11:47.376 [main] TRACE - Resolving type for handle ctrsta472type
15:11:47.390 [main] TRACE - Resolving type for handle workbookec17doctype
15:11:47.394 [main] TRACE - Resolving type for handle ctworkbook83c3type
15:11:47.398 [main] TRACE - Resolving type for handle ctsheets49fdtype
15:11:47.400 [main] TRACE - Resolving type for handle ctsheet4dbetype
15:11:47.402 [main] TRACE - Resolving type for handle strelationshipid1e94type
15:11:47.404 [main] TRACE - Resolving type for handle worksheetf539doctype
15:11:47.409 [main] TRACE - Resolving type for handle ctworksheet530dtype
15:11:47.413 [main] TRACE - Resolving type for handle ctsheetdata8408type
15:11:47.416 [main] TRACE - Resolving type for handle ctrowdd39type
15:11:47.419 [main] TRACE - Resolving type for handle ctcell842btype
15:11:47.424 [main] TRACE - Resolving type for handle stcellrefe4e0type
15:11:47.431 [main] TRACE - Resolving type for handle ctcols627ctype
15:11:47.434 [main] TRACE - Resolving type for handle ctcola95ftype
15:11:47.447 [main] TRACE - Resolving type for handle stxstringf179type
15:11:47.449 [main] TRACE - Resolving type for handle stcelltypebf95type
15:11:53.126 [main] DEBUG - Parsing relationship: /xl/_rels/workbook.xml.rels
15:11:53.127 [main] DEBUG - Parsing relationship: /_rels/.rels
15:11:58.450 [main] DEBUG - Parsing relationship: /xl/_rels/workbook.xml.rels
15:11:58.451 [main] DEBUG - Parsing relationship: /_rels/.rels
15:12:03.718 [main] DEBUG - Parsing relationship: /xl/_rels/workbook.xml.rels
15:12:03.719 [main] DEBUG - Parsing relationship: /_rels/.rels
15:12:09.170 [main] DEBUG - Parsing relationship: /xl/_rels/workbook.xml.rels
15:12:09.173 [main] DEBUG - Parsing relationship: /_rels/.rels
15:15:31.698 [main] INFO  - Goto my account-->Click on Login.. 
15:15:31.811 [main] DEBUG - Parsing relationship: /xl/_rels/workbook.xml.rels
15:15:31.813 [main] DEBUG - Parsing relationship: /_rels/.rels
15:15:31.973 [main] TRACE - Loading type system org.apache.poi.schemas.ooxml.system.ooxml
15:15:31.977 [main] TRACE - Loading type system org.apache.xmlbeans.metadata.system.sXMLCONFIG
15:15:31.978 [main] TRACE - Loading type system org.apache.xmlbeans.metadata.system.sXMLLANG
15:15:31.978 [main] TRACE - Loading type system org.apache.xmlbeans.metadata.system.sXMLSCHEMA
15:15:31.979 [main] TRACE - Loading type system org.apache.xmlbeans.metadata.system.sXMLTOOLS
15:15:31.980 [main] TRACE - Reading unresolved handles for type system org.apache.xmlbeans.metadata.system.sXMLTOOLS
15:15:31.991 [main] TRACE - Finished loading type system org.apache.xmlbeans.metadata.system.sXMLTOOLS
15:15:31.992 [main] TRACE - Reading unresolved handles for type system org.apache.xmlbeans.metadata.system.sXMLSCHEMA
15:15:31.995 [main] TRACE - Finished loading type system org.apache.xmlbeans.metadata.system.sXMLSCHEMA
15:15:31.997 [main] TRACE - Reading unresolved handles for type system org.apache.xmlbeans.metadata.system.sXMLLANG
15:15:31.998 [main] TRACE - Finished loading type system org.apache.xmlbeans.metadata.system.sXMLLANG
15:15:31.999 [main] TRACE - Reading unresolved handles for type system org.apache.xmlbeans.metadata.system.sXMLCONFIG
15:15:31.999 [main] TRACE - Finished loading type system org.apache.xmlbeans.metadata.system.sXMLCONFIG
15:15:32.001 [main] TRACE - Reading unresolved handles for type system org.apache.poi.schemas.ooxml.system.ooxml
15:15:32.052 [main] TRACE - Finished loading type system org.apache.poi.schemas.ooxml.system.ooxml
15:15:32.053 [main] TRACE - Resolving type for handle themefd26doctype
15:15:32.106 [main] TRACE - Resolving type for handle stylesheet5d8bdoctype
15:15:32.112 [main] TRACE - Resolving type for handle ctstylesheet4257type
15:15:32.115 [main] TRACE - Resolving type for handle ctfonts6623type
15:15:32.118 [main] TRACE - Resolving type for handle ctfont14d8type
15:15:32.123 [main] TRACE - Resolving type for handle ctfills2c6ftype
15:15:32.125 [main] TRACE - Resolving type for handle ctfill550ctype
15:15:32.127 [main] TRACE - Resolving type for handle ctborders0d66type
15:15:32.129 [main] TRACE - Resolving type for handle ctborderf935type
15:15:32.132 [main] TRACE - Resolving type for handle ctcellxfs1322type
15:15:32.134 [main] TRACE - Resolving type for handle ctxf97f7type
15:15:32.136 [main] TRACE - Resolving type for handle ctcellstylexfsa81ftype
15:15:32.138 [main] TRACE - Resolving type for handle ctdxfsb26atype
15:15:32.140 [main] TRACE - Resolving type for handle cttablestyles872ftype
15:15:32.143 [main] TRACE - Resolving type for handle sstf81fdoctype
15:15:32.147 [main] TRACE - Resolving type for handle ctsst44f3type
15:15:32.154 [main] TRACE - Resolving type for handle ctrsta472type
15:15:32.167 [main] TRACE - Resolving type for handle workbookec17doctype
15:15:32.172 [main] TRACE - Resolving type for handle ctworkbook83c3type
15:15:32.175 [main] TRACE - Resolving type for handle ctsheets49fdtype
15:15:32.177 [main] TRACE - Resolving type for handle ctsheet4dbetype
15:15:32.179 [main] TRACE - Resolving type for handle strelationshipid1e94type
15:15:32.181 [main] TRACE - Resolving type for handle worksheetf539doctype
15:15:32.185 [main] TRACE - Resolving type for handle ctworksheet530dtype
15:15:32.190 [main] TRACE - Resolving type for handle ctsheetdata8408type
15:15:32.192 [main] TRACE - Resolving type for handle ctrowdd39type
15:15:32.196 [main] TRACE - Resolving type for handle ctcell842btype
15:15:32.201 [main] TRACE - Resolving type for handle stcellrefe4e0type
15:15:32.208 [main] TRACE - Resolving type for handle ctcols627ctype
15:15:32.213 [main] TRACE - Resolving type for handle ctcola95ftype
15:15:32.227 [main] TRACE - Resolving type for handle stxstringf179type
15:15:32.230 [main] TRACE - Resolving type for handle stcelltypebf95type
15:15:40.384 [main] INFO  - Goto my account-->Click on Login.. 
15:15:40.403 [main] DEBUG - Parsing relationship: /xl/_rels/workbook.xml.rels
15:15:40.403 [main] DEBUG - Parsing relationship: /_rels/.rels
15:15:56.949 [main] INFO  - Goto my account-->Click on Login.. 
15:15:56.965 [main] DEBUG - Parsing relationship: /xl/_rels/workbook.xml.rels
15:15:56.966 [main] DEBUG - Parsing relationship: /_rels/.rels
15:16:14.134 [main] INFO  - Goto my account-->Click on Login.. 
15:16:14.142 [main] DEBUG - Parsing relationship: /xl/_rels/workbook.xml.rels
15:16:14.144 [main] DEBUG - Parsing relationship: /_rels/.rels
15:16:30.965 [main] INFO  - Goto my account-->Click on Login.. 
15:16:30.981 [main] DEBUG - Parsing relationship: /xl/_rels/workbook.xml.rels
15:16:30.982 [main] DEBUG - Parsing relationship: /_rels/.rels
15:17:31.739 [main] INFO  - Goto my account-->Click on Login.. 
15:17:31.857 [main] DEBUG - Parsing relationship: /xl/_rels/workbook.xml.rels
15:17:31.859 [main] DEBUG - Parsing relationship: /_rels/.rels
15:17:32.004 [main] TRACE - Loading type system org.apache.poi.schemas.ooxml.system.ooxml
15:17:32.006 [main] TRACE - Loading type system org.apache.xmlbeans.metadata.system.sXMLCONFIG
15:17:32.007 [main] TRACE - Loading type system org.apache.xmlbeans.metadata.system.sXMLLANG
15:17:32.007 [main] TRACE - Loading type system org.apache.xmlbeans.metadata.system.sXMLSCHEMA
15:17:32.008 [main] TRACE - Loading type system org.apache.xmlbeans.metadata.system.sXMLTOOLS
15:17:32.009 [main] TRACE - Reading unresolved handles for type system org.apache.xmlbeans.metadata.system.sXMLTOOLS
15:17:32.019 [main] TRACE - Finished loading type system org.apache.xmlbeans.metadata.system.sXMLTOOLS
15:17:32.020 [main] TRACE - Reading unresolved handles for type system org.apache.xmlbeans.metadata.system.sXMLSCHEMA
15:17:32.024 [main] TRACE - Finished loading type system org.apache.xmlbeans.metadata.system.sXMLSCHEMA
15:17:32.025 [main] TRACE - Reading unresolved handles for type system org.apache.xmlbeans.metadata.system.sXMLLANG
15:17:32.026 [main] TRACE - Finished loading type system org.apache.xmlbeans.metadata.system.sXMLLANG
15:17:32.027 [main] TRACE - Reading unresolved handles for type system org.apache.xmlbeans.metadata.system.sXMLCONFIG
15:17:32.028 [main] TRACE - Finished loading type system org.apache.xmlbeans.metadata.system.sXMLCONFIG
15:17:32.029 [main] TRACE - Reading unresolved handles for type system org.apache.poi.schemas.ooxml.system.ooxml
15:17:32.072 [main] TRACE - Finished loading type system org.apache.poi.schemas.ooxml.system.ooxml
15:17:32.073 [main] TRACE - Resolving type for handle themefd26doctype
15:17:32.133 [main] TRACE - Resolving type for handle stylesheet5d8bdoctype
15:17:32.139 [main] TRACE - Resolving type for handle ctstylesheet4257type
15:17:32.144 [main] TRACE - Resolving type for handle ctfonts6623type
15:17:32.148 [main] TRACE - Resolving type for handle ctfont14d8type
15:17:32.157 [main] TRACE - Resolving type for handle ctfills2c6ftype
15:17:32.161 [main] TRACE - Resolving type for handle ctfill550ctype
15:17:32.163 [main] TRACE - Resolving type for handle ctborders0d66type
15:17:32.171 [main] TRACE - Resolving type for handle ctborderf935type
15:17:32.178 [main] TRACE - Resolving type for handle ctcellxfs1322type
15:17:32.181 [main] TRACE - Resolving type for handle ctxf97f7type
15:17:32.183 [main] TRACE - Resolving type for handle ctcellstylexfsa81ftype
15:17:32.185 [main] TRACE - Resolving type for handle ctdxfsb26atype
15:17:32.187 [main] TRACE - Resolving type for handle cttablestyles872ftype
15:17:32.192 [main] TRACE - Resolving type for handle sstf81fdoctype
15:17:32.201 [main] TRACE - Resolving type for handle ctsst44f3type
15:17:32.217 [main] TRACE - Resolving type for handle ctrsta472type
15:17:32.234 [main] TRACE - Resolving type for handle workbookec17doctype
15:17:32.238 [main] TRACE - Resolving type for handle ctworkbook83c3type
15:17:32.243 [main] TRACE - Resolving type for handle ctsheets49fdtype
15:17:32.245 [main] TRACE - Resolving type for handle ctsheet4dbetype
15:17:32.247 [main] TRACE - Resolving type for handle strelationshipid1e94type
15:17:32.249 [main] TRACE - Resolving type for handle worksheetf539doctype
15:17:32.254 [main] TRACE - Resolving type for handle ctworksheet530dtype
15:17:32.260 [main] TRACE - Resolving type for handle ctsheetdata8408type
15:17:32.262 [main] TRACE - Resolving type for handle ctrowdd39type
15:17:32.266 [main] TRACE - Resolving type for handle ctcell842btype
15:17:32.272 [main] TRACE - Resolving type for handle stcellrefe4e0type
15:17:32.278 [main] TRACE - Resolving type for handle ctcols627ctype
15:17:32.282 [main] TRACE - Resolving type for handle ctcola95ftype
15:17:32.297 [main] TRACE - Resolving type for handle stxstringf179type
15:17:32.299 [main] TRACE - Resolving type for handle stcelltypebf95type
15:17:40.485 [main] INFO  - Goto my account-->Click on Login.. 
15:17:40.496 [main] DEBUG - Parsing relationship: /xl/_rels/workbook.xml.rels
15:17:40.497 [main] DEBUG - Parsing relationship: /_rels/.rels
15:17:56.880 [main] INFO  - Goto my account-->Click on Login.. 
15:17:56.888 [main] DEBUG - Parsing relationship: /xl/_rels/workbook.xml.rels
15:17:56.889 [main] DEBUG - Parsing relationship: /_rels/.rels
15:18:13.574 [main] INFO  - Goto my account-->Click on Login.. 
15:18:13.583 [main] DEBUG - Parsing relationship: /xl/_rels/workbook.xml.rels
15:18:13.585 [main] DEBUG - Parsing relationship: /_rels/.rels
15:18:29.809 [main] INFO  - Goto my account-->Click on Login.. 
15:18:29.819 [main] DEBUG - Parsing relationship: /xl/_rels/workbook.xml.rels
15:18:29.823 [main] DEBUG - Parsing relationship: /_rels/.rels
22:06:44.800 [main] INFO  - Goto my account-->Click on Login.. 
22:07:03.636 [main] INFO  - Goto my account-->Click on Login.. 
22:20:57.898 [main] INFO  - Goto my account-->Click on Login.. 
22:21:44.452 [main] INFO  - Goto my account-->Click on Login.. 
22:22:11.027 [main] INFO  - Goto my account-->Click on Login.. 
22:22:29.905 [main] INFO  - Goto my account-->Click on Login.. 
22:24:02.136 [main] INFO  - Goto my account-->Click on Login.. 
22:24:25.044 [main] INFO  - Goto my account-->Click on Login.. 
22:24:56.983 [main] INFO  - Goto my account-->Click on Login.. 
22:25:44.865 [main] INFO  - Goto my account-->Click on Login.. 
22:26:08.912 [main] INFO  - Goto my account-->Click on Login.. 
22:27:10.777 [main] INFO  - Goto my account-->Click on Login.. 
22:27:44.412 [main] INFO  - Goto my account-->Click on Login.. 
22:28:18.169 [main] INFO  - Goto my account-->Click on Login.. 
22:30:09.643 [main] INFO  - Goto my account-->Click on Login.. 
22:30:31.994 [main] INFO  - Goto my account-->Click on Login.. 
22:31:01.372 [main] INFO  - Goto my account-->Click on Login.. 
22:32:56.739 [main] INFO  - Goto my account-->Click on Login.. 
22:33:19.888 [main] INFO  - Goto my account-->Click on Login.. 
22:33:45.611 [main] INFO  - Goto my account-->Click on Login.. 
22:34:09.175 [main] INFO  - Goto my account-->Click on Login.. 
22:38:55.580 [main] INFO  - Goto my account-->Click on Login.. 
22:40:37.571 [main] INFO  - Goto my account-->Click on Login.. 
22:40:59.768 [main] INFO  - Goto my account-->Click on Login.. 
22:41:52.834 [main] INFO  - Goto my account-->Click on Login.. 
22:42:14.265 [main] INFO  - Goto my account-->Click on Login.. 
22:42:15.715 [main] INFO  - Goto my account-->Click on Login.. 
22:42:19.206 [main] INFO  - Goto my account-->Click on Login.. 
22:42:21.949 [main] INFO  - Clicking on Save button
22:43:56.636 [main] INFO  - Goto my account-->Click on Login.. 
22:44:29.919 [main] INFO  - Goto my account-->Click on Login.. 
22:45:24.498 [main] INFO  - Goto my account-->Click on Login.. 
22:45:48.170 [main] INFO  - Goto my account-->Click on Login.. 
22:46:48.837 [main] INFO  - Goto my account-->Click on Login.. 
22:47:17.278 [main] INFO  - Goto my account-->Click on Login.. 
22:47:31.505 [main] INFO  - Goto my account-->Click on Login.. 
23:10:56.371 [main] INFO  - Goto my account-->Click on Login.. 
23:10:56.603 [main] DEBUG - Parsing relationship: /xl/_rels/workbook.xml.rels
23:10:56.607 [main] DEBUG - Parsing relationship: /_rels/.rels
23:10:56.873 [main] TRACE - Loading type system org.apache.poi.schemas.ooxml.system.ooxml
23:10:56.875 [main] TRACE - Loading type system org.apache.xmlbeans.metadata.system.sXMLCONFIG
23:10:56.876 [main] TRACE - Loading type system org.apache.xmlbeans.metadata.system.sXMLLANG
23:10:56.876 [main] TRACE - Loading type system org.apache.xmlbeans.metadata.system.sXMLSCHEMA
23:10:56.877 [main] TRACE - Loading type system org.apache.xmlbeans.metadata.system.sXMLTOOLS
23:10:56.888 [main] TRACE - Reading unresolved handles for type system org.apache.xmlbeans.metadata.system.sXMLTOOLS
23:10:56.915 [main] TRACE - Finished loading type system org.apache.xmlbeans.metadata.system.sXMLTOOLS
23:10:56.916 [main] TRACE - Reading unresolved handles for type system org.apache.xmlbeans.metadata.system.sXMLSCHEMA
23:10:56.921 [main] TRACE - Finished loading type system org.apache.xmlbeans.metadata.system.sXMLSCHEMA
23:10:56.923 [main] TRACE - Reading unresolved handles for type system org.apache.xmlbeans.metadata.system.sXMLLANG
23:10:56.924 [main] TRACE - Finished loading type system org.apache.xmlbeans.metadata.system.sXMLLANG
23:10:56.927 [main] TRACE - Reading unresolved handles for type system org.apache.xmlbeans.metadata.system.sXMLCONFIG
23:10:56.928 [main] TRACE - Finished loading type system org.apache.xmlbeans.metadata.system.sXMLCONFIG
23:10:56.930 [main] TRACE - Reading unresolved handles for type system org.apache.poi.schemas.ooxml.system.ooxml
23:10:56.994 [main] TRACE - Finished loading type system org.apache.poi.schemas.ooxml.system.ooxml
23:10:56.995 [main] TRACE - Resolving type for handle themefd26doctype
23:10:57.083 [main] TRACE - Resolving type for handle stylesheet5d8bdoctype
23:10:57.093 [main] TRACE - Resolving type for handle ctstylesheet4257type
23:10:57.117 [main] TRACE - Resolving type for handle ctfonts6623type
23:10:57.122 [main] TRACE - Resolving type for handle ctfont14d8type
23:10:57.128 [main] TRACE - Resolving type for handle ctfills2c6ftype
23:10:57.132 [main] TRACE - Resolving type for handle ctfill550ctype
23:10:57.134 [main] TRACE - Resolving type for handle ctborders0d66type
23:10:57.138 [main] TRACE - Resolving type for handle ctborderf935type
23:10:57.152 [main] TRACE - Resolving type for handle ctcellxfs1322type
23:10:57.155 [main] TRACE - Resolving type for handle ctxf97f7type
23:10:57.159 [main] TRACE - Resolving type for handle ctcellstylexfsa81ftype
23:10:57.162 [main] TRACE - Resolving type for handle ctdxfsb26atype
23:10:57.165 [main] TRACE - Resolving type for handle cttablestyles872ftype
23:10:57.169 [main] TRACE - Resolving type for handle sstf81fdoctype
23:10:57.176 [main] TRACE - Resolving type for handle ctsst44f3type
23:10:57.185 [main] TRACE - Resolving type for handle ctrsta472type
23:10:57.216 [main] TRACE - Resolving type for handle workbookec17doctype
23:10:57.222 [main] TRACE - Resolving type for handle ctworkbook83c3type
23:10:57.227 [main] TRACE - Resolving type for handle ctsheets49fdtype
23:10:57.229 [main] TRACE - Resolving type for handle ctsheet4dbetype
23:10:57.232 [main] TRACE - Resolving type for handle strelationshipid1e94type
23:10:57.238 [main] TRACE - Resolving type for handle worksheetf539doctype
23:10:57.243 [main] TRACE - Resolving type for handle ctworksheet530dtype
23:10:57.253 [main] TRACE - Resolving type for handle ctsheetdata8408type
23:10:57.256 [main] TRACE - Resolving type for handle ctrowdd39type
23:10:57.261 [main] TRACE - Resolving type for handle ctcell842btype
23:10:57.268 [main] TRACE - Resolving type for handle stcellrefe4e0type
23:10:57.291 [main] TRACE - Resolving type for handle ctcols627ctype
23:10:57.295 [main] TRACE - Resolving type for handle ctcola95ftype
23:10:57.313 [main] TRACE - Resolving type for handle stxstringf179type
23:10:57.317 [main] TRACE - Resolving type for handle stcelltypebf95type
23:11:12.637 [main] INFO  - Goto my account-->Click on Login.. 
23:11:12.657 [main] DEBUG - Parsing relationship: /xl/_rels/workbook.xml.rels
23:11:12.658 [main] DEBUG - Parsing relationship: /_rels/.rels
23:11:29.941 [main] INFO  - Goto my account-->Click on Login.. 
23:11:29.954 [main] DEBUG - Parsing relationship: /xl/_rels/workbook.xml.rels
23:11:29.955 [main] DEBUG - Parsing relationship: /_rels/.rels
23:11:56.717 [main] INFO  - Goto my account-->Click on Login.. 
23:11:56.728 [main] DEBUG - Parsing relationship: /xl/_rels/workbook.xml.rels
23:11:56.729 [main] DEBUG - Parsing relationship: /_rels/.rels
23:12:21.021 [main] INFO  - Goto my account-->Click on Login.. 
23:12:21.031 [main] DEBUG - Parsing relationship: /xl/_rels/workbook.xml.rels
23:12:21.032 [main] DEBUG - Parsing relationship: /_rels/.rels
23:12:30.909 [main] INFO  - Goto my account-->Click on Login.. 
23:12:30.915 [main] DEBUG - Parsing relationship: /xl/_rels/workbook.xml.rels
23:12:30.916 [main] DEBUG - Parsing relationship: /_rels/.rels
14:05:26.217 [main] INFO  - Goto my account-->Click on Login.. 
14:05:56.932 [main] INFO  - Goto my account-->Click on Login.. 
14:06:09.830 [main] INFO  - Goto my account-->Click on Login.. 
14:10:19.768 [main] INFO  - Goto my account-->Click on Login.. 
14:10:19.953 [main] INFO  - Goto my account-->Click on Login.. 
14:10:23.602 [main] INFO  - Goto my account-->Click on Login.. 
14:10:26.252 [main] INFO  - Clicking on Save button
14:10:49.848 [main] INFO  - Goto my account-->Click on Login.. 
14:10:51.397 [main] INFO  - Goto my account-->Click on Login.. 
14:10:54.314 [main] INFO  - Goto my account-->Click on Login.. 
14:10:56.953 [main] INFO  - Clicking on Save button
14:11:55.600 [main] INFO  - Goto my account-->Click on Login.. 
14:12:26.632 [main] INFO  - Goto my account-->Click on Login.. 
14:12:39.082 [main] INFO  - Goto my account-->Click on Login.. 
14:19:10.589 [main] INFO  - Goto my account-->Click on Login.. 
14:19:10.757 [main] DEBUG - Parsing relationship: /xl/_rels/workbook.xml.rels
14:19:10.760 [main] DEBUG - Parsing relationship: /_rels/.rels
14:19:10.935 [main] TRACE - Loading type system org.apache.poi.schemas.ooxml.system.ooxml
14:19:10.939 [main] TRACE - Loading type system org.apache.xmlbeans.metadata.system.sXMLCONFIG
14:19:10.939 [main] TRACE - Loading type system org.apache.xmlbeans.metadata.system.sXMLLANG
14:19:10.940 [main] TRACE - Loading type system org.apache.xmlbeans.metadata.system.sXMLSCHEMA
14:19:10.940 [main] TRACE - Loading type system org.apache.xmlbeans.metadata.system.sXMLTOOLS
14:19:10.942 [main] TRACE - Reading unresolved handles for type system org.apache.xmlbeans.metadata.system.sXMLTOOLS
14:19:10.954 [main] TRACE - Finished loading type system org.apache.xmlbeans.metadata.system.sXMLTOOLS
14:19:10.956 [main] TRACE - Reading unresolved handles for type system org.apache.xmlbeans.metadata.system.sXMLSCHEMA
14:19:10.961 [main] TRACE - Finished loading type system org.apache.xmlbeans.metadata.system.sXMLSCHEMA
14:19:10.962 [main] TRACE - Reading unresolved handles for type system org.apache.xmlbeans.metadata.system.sXMLLANG
14:19:10.963 [main] TRACE - Finished loading type system org.apache.xmlbeans.metadata.system.sXMLLANG
14:19:10.964 [main] TRACE - Reading unresolved handles for type system org.apache.xmlbeans.metadata.system.sXMLCONFIG
14:19:10.965 [main] TRACE - Finished loading type system org.apache.xmlbeans.metadata.system.sXMLCONFIG
14:19:10.966 [main] TRACE - Reading unresolved handles for type system org.apache.poi.schemas.ooxml.system.ooxml
14:19:11.016 [main] TRACE - Finished loading type system org.apache.poi.schemas.ooxml.system.ooxml
14:19:11.017 [main] TRACE - Resolving type for handle themefd26doctype
14:19:11.084 [main] TRACE - Resolving type for handle stylesheet5d8bdoctype
14:19:11.090 [main] TRACE - Resolving type for handle ctstylesheet4257type
14:19:11.096 [main] TRACE - Resolving type for handle ctfonts6623type
14:19:11.101 [main] TRACE - Resolving type for handle ctfont14d8type
14:19:11.107 [main] TRACE - Resolving type for handle ctfills2c6ftype
14:19:11.110 [main] TRACE - Resolving type for handle ctfill550ctype
14:19:11.113 [main] TRACE - Resolving type for handle ctborders0d66type
14:19:11.117 [main] TRACE - Resolving type for handle ctborderf935type
14:19:11.121 [main] TRACE - Resolving type for handle ctcellxfs1322type
14:19:11.124 [main] TRACE - Resolving type for handle ctxf97f7type
14:19:11.127 [main] TRACE - Resolving type for handle ctcellstylexfsa81ftype
14:19:11.129 [main] TRACE - Resolving type for handle ctdxfsb26atype
14:19:11.132 [main] TRACE - Resolving type for handle cttablestyles872ftype
14:19:11.136 [main] TRACE - Resolving type for handle sstf81fdoctype
14:19:11.141 [main] TRACE - Resolving type for handle ctsst44f3type
14:19:11.150 [main] TRACE - Resolving type for handle ctrsta472type
14:19:11.168 [main] TRACE - Resolving type for handle workbookec17doctype
14:19:11.173 [main] TRACE - Resolving type for handle ctworkbook83c3type
14:19:11.179 [main] TRACE - Resolving type for handle ctsheets49fdtype
14:19:11.181 [main] TRACE - Resolving type for handle ctsheet4dbetype
14:19:11.184 [main] TRACE - Resolving type for handle strelationshipid1e94type
14:19:11.186 [main] TRACE - Resolving type for handle worksheetf539doctype
14:19:11.193 [main] TRACE - Resolving type for handle ctworksheet530dtype
14:19:11.200 [main] TRACE - Resolving type for handle ctsheetdata8408type
14:19:11.203 [main] TRACE - Resolving type for handle ctrowdd39type
14:19:11.208 [main] TRACE - Resolving type for handle ctcell842btype
14:19:11.216 [main] TRACE - Resolving type for handle stcellrefe4e0type
14:19:11.225 [main] TRACE - Resolving type for handle ctcols627ctype
14:19:11.230 [main] TRACE - Resolving type for handle ctcola95ftype
14:19:11.248 [main] TRACE - Resolving type for handle stxstringf179type
14:19:11.251 [main] TRACE - Resolving type for handle stcelltypebf95type
14:19:18.644 [main] INFO  - Goto my account-->Click on Login.. 
14:19:18.654 [main] DEBUG - Parsing relationship: /xl/_rels/workbook.xml.rels
14:19:18.656 [main] DEBUG - Parsing relationship: /_rels/.rels
14:19:39.699 [main] INFO  - Goto my account-->Click on Login.. 
14:19:39.711 [main] DEBUG - Parsing relationship: /xl/_rels/workbook.xml.rels
14:19:39.714 [main] DEBUG - Parsing relationship: /_rels/.rels
14:20:02.395 [main] INFO  - Goto my account-->Click on Login.. 
14:20:02.413 [main] DEBUG - Parsing relationship: /xl/_rels/workbook.xml.rels
14:20:02.413 [main] DEBUG - Parsing relationship: /_rels/.rels
14:20:23.690 [main] INFO  - Goto my account-->Click on Login.. 
14:20:23.701 [main] DEBUG - Parsing relationship: /xl/_rels/workbook.xml.rels
14:20:23.708 [main] DEBUG - Parsing relationship: /_rels/.rels
21:47:16.593 [main] INFO  - Goto my account-->Click on Login.. 
21:47:16.723 [main] DEBUG - Parsing relationship: /xl/_rels/workbook.xml.rels
21:47:16.725 [main] DEBUG - Parsing relationship: /_rels/.rels
21:47:16.867 [main] TRACE - Loading type system org.apache.poi.schemas.ooxml.system.ooxml
21:47:16.869 [main] TRACE - Loading type system org.apache.xmlbeans.metadata.system.sXMLCONFIG
21:47:16.870 [main] TRACE - Loading type system org.apache.xmlbeans.metadata.system.sXMLLANG
21:47:16.870 [main] TRACE - Loading type system org.apache.xmlbeans.metadata.system.sXMLSCHEMA
21:47:16.870 [main] TRACE - Loading type system org.apache.xmlbeans.metadata.system.sXMLTOOLS
21:47:16.871 [main] TRACE - Reading unresolved handles for type system org.apache.xmlbeans.metadata.system.sXMLTOOLS
21:47:16.883 [main] TRACE - Finished loading type system org.apache.xmlbeans.metadata.system.sXMLTOOLS
21:47:16.884 [main] TRACE - Reading unresolved handles for type system org.apache.xmlbeans.metadata.system.sXMLSCHEMA
21:47:16.889 [main] TRACE - Finished loading type system org.apache.xmlbeans.metadata.system.sXMLSCHEMA
21:47:16.892 [main] TRACE - Reading unresolved handles for type system org.apache.xmlbeans.metadata.system.sXMLLANG
21:47:16.895 [main] TRACE - Finished loading type system org.apache.xmlbeans.metadata.system.sXMLLANG
21:47:16.897 [main] TRACE - Reading unresolved handles for type system org.apache.xmlbeans.metadata.system.sXMLCONFIG
21:47:16.900 [main] TRACE - Finished loading type system org.apache.xmlbeans.metadata.system.sXMLCONFIG
21:47:16.901 [main] TRACE - Reading unresolved handles for type system org.apache.poi.schemas.ooxml.system.ooxml
21:47:16.998 [main] TRACE - Finished loading type system org.apache.poi.schemas.ooxml.system.ooxml
21:47:17.000 [main] TRACE - Resolving type for handle themefd26doctype
21:47:17.059 [main] TRACE - Resolving type for handle stylesheet5d8bdoctype
21:47:17.064 [main] TRACE - Resolving type for handle ctstylesheet4257type
21:47:17.073 [main] TRACE - Resolving type for handle ctfonts6623type
21:47:17.076 [main] TRACE - Resolving type for handle ctfont14d8type
21:47:17.082 [main] TRACE - Resolving type for handle ctfills2c6ftype
21:47:17.084 [main] TRACE - Resolving type for handle ctfill550ctype
21:47:17.088 [main] TRACE - Resolving type for handle ctborders0d66type
21:47:17.090 [main] TRACE - Resolving type for handle ctborderf935type
21:47:17.093 [main] TRACE - Resolving type for handle ctcellxfs1322type
21:47:17.096 [main] TRACE - Resolving type for handle ctxf97f7type
21:47:17.099 [main] TRACE - Resolving type for handle ctcellstylexfsa81ftype
21:47:17.102 [main] TRACE - Resolving type for handle ctdxfsb26atype
21:47:17.104 [main] TRACE - Resolving type for handle cttablestyles872ftype
21:47:17.107 [main] TRACE - Resolving type for handle sstf81fdoctype
21:47:17.112 [main] TRACE - Resolving type for handle ctsst44f3type
21:47:17.120 [main] TRACE - Resolving type for handle ctrsta472type
21:47:17.136 [main] TRACE - Resolving type for handle workbookec17doctype
21:47:17.141 [main] TRACE - Resolving type for handle ctworkbook83c3type
21:47:17.145 [main] TRACE - Resolving type for handle ctsheets49fdtype
21:47:17.148 [main] TRACE - Resolving type for handle ctsheet4dbetype
21:47:17.150 [main] TRACE - Resolving type for handle strelationshipid1e94type
21:47:17.153 [main] TRACE - Resolving type for handle worksheetf539doctype
21:47:17.158 [main] TRACE - Resolving type for handle ctworksheet530dtype
21:47:17.165 [main] TRACE - Resolving type for handle ctsheetdata8408type
21:47:17.167 [main] TRACE - Resolving type for handle ctrowdd39type
21:47:17.172 [main] TRACE - Resolving type for handle ctcell842btype
21:47:17.177 [main] TRACE - Resolving type for handle stcellrefe4e0type
21:47:17.185 [main] TRACE - Resolving type for handle ctcols627ctype
21:47:17.190 [main] TRACE - Resolving type for handle ctcola95ftype
21:47:17.204 [main] TRACE - Resolving type for handle stxstringf179type
21:47:17.207 [main] TRACE - Resolving type for handle stcelltypebf95type
21:47:24.666 [main] INFO  - Goto my account-->Click on Login.. 
21:47:24.690 [main] DEBUG - Parsing relationship: /xl/_rels/workbook.xml.rels
21:47:24.692 [main] DEBUG - Parsing relationship: /_rels/.rels
21:47:45.888 [main] INFO  - Goto my account-->Click on Login.. 
21:47:45.895 [main] DEBUG - Parsing relationship: /xl/_rels/workbook.xml.rels
21:47:45.896 [main] DEBUG - Parsing relationship: /_rels/.rels
13:02:49.225 [main] INFO  - Goto my account-->Click on Login.. 
13:02:49.426 [main] DEBUG - Parsing relationship: /xl/_rels/workbook.xml.rels
13:02:49.428 [main] DEBUG - Parsing relationship: /_rels/.rels
13:02:49.670 [main] TRACE - Loading type system org.apache.poi.schemas.ooxml.system.ooxml
13:02:49.673 [main] TRACE - Loading type system org.apache.xmlbeans.metadata.system.sXMLCONFIG
13:02:49.673 [main] TRACE - Loading type system org.apache.xmlbeans.metadata.system.sXMLLANG
13:02:49.674 [main] TRACE - Loading type system org.apache.xmlbeans.metadata.system.sXMLSCHEMA
13:02:49.674 [main] TRACE - Loading type system org.apache.xmlbeans.metadata.system.sXMLTOOLS
13:02:49.676 [main] TRACE - Reading unresolved handles for type system org.apache.xmlbeans.metadata.system.sXMLTOOLS
13:02:49.691 [main] TRACE - Finished loading type system org.apache.xmlbeans.metadata.system.sXMLTOOLS
13:02:49.692 [main] TRACE - Reading unresolved handles for type system org.apache.xmlbeans.metadata.system.sXMLSCHEMA
13:02:49.696 [main] TRACE - Finished loading type system org.apache.xmlbeans.metadata.system.sXMLSCHEMA
13:02:49.698 [main] TRACE - Reading unresolved handles for type system org.apache.xmlbeans.metadata.system.sXMLLANG
13:02:49.699 [main] TRACE - Finished loading type system org.apache.xmlbeans.metadata.system.sXMLLANG
13:02:49.701 [main] TRACE - Reading unresolved handles for type system org.apache.xmlbeans.metadata.system.sXMLCONFIG
13:02:49.702 [main] TRACE - Finished loading type system org.apache.xmlbeans.metadata.system.sXMLCONFIG
13:02:49.703 [main] TRACE - Reading unresolved handles for type system org.apache.poi.schemas.ooxml.system.ooxml
13:02:49.767 [main] TRACE - Finished loading type system org.apache.poi.schemas.ooxml.system.ooxml
13:02:49.768 [main] TRACE - Resolving type for handle themefd26doctype
13:02:49.876 [main] TRACE - Resolving type for handle stylesheet5d8bdoctype
13:02:49.894 [main] TRACE - Resolving type for handle ctstylesheet4257type
13:02:49.901 [main] TRACE - Resolving type for handle ctfonts6623type
13:02:49.912 [main] TRACE - Resolving type for handle ctfont14d8type
13:02:49.920 [main] TRACE - Resolving type for handle ctfills2c6ftype
13:02:49.924 [main] TRACE - Resolving type for handle ctfill550ctype
13:02:49.928 [main] TRACE - Resolving type for handle ctborders0d66type
13:02:49.932 [main] TRACE - Resolving type for handle ctborderf935type
13:02:49.937 [main] TRACE - Resolving type for handle ctcellxfs1322type
13:02:49.941 [main] TRACE - Resolving type for handle ctxf97f7type
13:02:49.945 [main] TRACE - Resolving type for handle ctcellstylexfsa81ftype
13:02:49.949 [main] TRACE - Resolving type for handle ctdxfsb26atype
13:02:49.952 [main] TRACE - Resolving type for handle cttablestyles872ftype
13:02:49.956 [main] TRACE - Resolving type for handle sstf81fdoctype
13:02:49.974 [main] TRACE - Resolving type for handle ctsst44f3type
13:02:49.991 [main] TRACE - Resolving type for handle ctrsta472type
13:02:50.020 [main] TRACE - Resolving type for handle workbookec17doctype
13:02:50.029 [main] TRACE - Resolving type for handle ctworkbook83c3type
13:02:50.034 [main] TRACE - Resolving type for handle ctsheets49fdtype
13:02:50.037 [main] TRACE - Resolving type for handle ctsheet4dbetype
13:02:50.042 [main] TRACE - Resolving type for handle strelationshipid1e94type
13:02:50.055 [main] TRACE - Resolving type for handle worksheetf539doctype
13:02:50.063 [main] TRACE - Resolving type for handle ctworksheet530dtype
13:02:50.082 [main] TRACE - Resolving type for handle ctsheetdata8408type
13:02:50.086 [main] TRACE - Resolving type for handle ctrowdd39type
13:02:50.091 [main] TRACE - Resolving type for handle ctcell842btype
13:02:50.097 [main] TRACE - Resolving type for handle stcellrefe4e0type
13:02:50.104 [main] TRACE - Resolving type for handle ctcols627ctype
13:02:50.111 [main] TRACE - Resolving type for handle ctcola95ftype
13:02:50.141 [main] TRACE - Resolving type for handle stxstringf179type
13:02:50.144 [main] TRACE - Resolving type for handle stcelltypebf95type
13:03:18.132 [main] INFO  - Goto my account-->Click on Login.. 
13:03:18.277 [main] DEBUG - Parsing relationship: /xl/_rels/workbook.xml.rels
13:03:18.280 [main] DEBUG - Parsing relationship: /_rels/.rels
13:03:18.493 [main] TRACE - Loading type system org.apache.poi.schemas.ooxml.system.ooxml
13:03:18.496 [main] TRACE - Loading type system org.apache.xmlbeans.metadata.system.sXMLCONFIG
13:03:18.497 [main] TRACE - Loading type system org.apache.xmlbeans.metadata.system.sXMLLANG
13:03:18.497 [main] TRACE - Loading type system org.apache.xmlbeans.metadata.system.sXMLSCHEMA
13:03:18.498 [main] TRACE - Loading type system org.apache.xmlbeans.metadata.system.sXMLTOOLS
13:03:18.500 [main] TRACE - Reading unresolved handles for type system org.apache.xmlbeans.metadata.system.sXMLTOOLS
13:03:18.512 [main] TRACE - Finished loading type system org.apache.xmlbeans.metadata.system.sXMLTOOLS
13:03:18.513 [main] TRACE - Reading unresolved handles for type system org.apache.xmlbeans.metadata.system.sXMLSCHEMA
13:03:18.530 [main] TRACE - Finished loading type system org.apache.xmlbeans.metadata.system.sXMLSCHEMA
13:03:18.532 [main] TRACE - Reading unresolved handles for type system org.apache.xmlbeans.metadata.system.sXMLLANG
13:03:18.532 [main] TRACE - Finished loading type system org.apache.xmlbeans.metadata.system.sXMLLANG
13:03:18.533 [main] TRACE - Reading unresolved handles for type system org.apache.xmlbeans.metadata.system.sXMLCONFIG
13:03:18.534 [main] TRACE - Finished loading type system org.apache.xmlbeans.metadata.system.sXMLCONFIG
13:03:18.535 [main] TRACE - Reading unresolved handles for type system org.apache.poi.schemas.ooxml.system.ooxml
13:03:18.597 [main] TRACE - Finished loading type system org.apache.poi.schemas.ooxml.system.ooxml
13:03:18.597 [main] TRACE - Resolving type for handle themefd26doctype
13:03:18.679 [main] TRACE - Resolving type for handle stylesheet5d8bdoctype
13:03:18.685 [main] TRACE - Resolving type for handle ctstylesheet4257type
13:03:18.698 [main] TRACE - Resolving type for handle ctfonts6623type
13:03:18.704 [main] TRACE - Resolving type for handle ctfont14d8type
13:03:18.710 [main] TRACE - Resolving type for handle ctfills2c6ftype
13:03:18.713 [main] TRACE - Resolving type for handle ctfill550ctype
13:03:18.715 [main] TRACE - Resolving type for handle ctborders0d66type
13:03:18.719 [main] TRACE - Resolving type for handle ctborderf935type
13:03:18.722 [main] TRACE - Resolving type for handle ctcellxfs1322type
13:03:18.725 [main] TRACE - Resolving type for handle ctxf97f7type
13:03:18.728 [main] TRACE - Resolving type for handle ctcellstylexfsa81ftype
13:03:18.730 [main] TRACE - Resolving type for handle ctdxfsb26atype
13:03:18.733 [main] TRACE - Resolving type for handle cttablestyles872ftype
13:03:18.737 [main] TRACE - Resolving type for handle sstf81fdoctype
13:03:18.742 [main] TRACE - Resolving type for handle ctsst44f3type
13:03:18.760 [main] TRACE - Resolving type for handle ctrsta472type
13:03:18.776 [main] TRACE - Resolving type for handle workbookec17doctype
13:03:18.796 [main] TRACE - Resolving type for handle ctworkbook83c3type
13:03:18.802 [main] TRACE - Resolving type for handle ctsheets49fdtype
13:03:18.804 [main] TRACE - Resolving type for handle ctsheet4dbetype
13:03:18.807 [main] TRACE - Resolving type for handle strelationshipid1e94type
13:03:18.809 [main] TRACE - Resolving type for handle worksheetf539doctype
13:03:18.817 [main] TRACE - Resolving type for handle ctworksheet530dtype
13:03:18.826 [main] TRACE - Resolving type for handle ctsheetdata8408type
13:03:18.829 [main] TRACE - Resolving type for handle ctrowdd39type
13:03:18.835 [main] TRACE - Resolving type for handle ctcell842btype
13:03:18.843 [main] TRACE - Resolving type for handle stcellrefe4e0type
13:03:18.854 [main] TRACE - Resolving type for handle ctcols627ctype
13:03:18.858 [main] TRACE - Resolving type for handle ctcola95ftype
13:03:18.887 [main] TRACE - Resolving type for handle stxstringf179type
13:03:18.895 [main] TRACE - Resolving type for handle stcelltypebf95type
13:05:09.947 [main] INFO  - Goto my account-->Click on Login.. 
13:05:10.109 [main] DEBUG - Parsing relationship: /xl/_rels/workbook.xml.rels
13:05:10.112 [main] DEBUG - Parsing relationship: /_rels/.rels
13:05:10.371 [main] TRACE - Loading type system org.apache.poi.schemas.ooxml.system.ooxml
13:05:10.374 [main] TRACE - Loading type system org.apache.xmlbeans.metadata.system.sXMLCONFIG
13:05:10.374 [main] TRACE - Loading type system org.apache.xmlbeans.metadata.system.sXMLLANG
13:05:10.374 [main] TRACE - Loading type system org.apache.xmlbeans.metadata.system.sXMLSCHEMA
13:05:10.375 [main] TRACE - Loading type system org.apache.xmlbeans.metadata.system.sXMLTOOLS
13:05:10.376 [main] TRACE - Reading unresolved handles for type system org.apache.xmlbeans.metadata.system.sXMLTOOLS
13:05:10.389 [main] TRACE - Finished loading type system org.apache.xmlbeans.metadata.system.sXMLTOOLS
13:05:10.390 [main] TRACE - Reading unresolved handles for type system org.apache.xmlbeans.metadata.system.sXMLSCHEMA
13:05:10.409 [main] TRACE - Finished loading type system org.apache.xmlbeans.metadata.system.sXMLSCHEMA
13:05:10.411 [main] TRACE - Reading unresolved handles for type system org.apache.xmlbeans.metadata.system.sXMLLANG
13:05:10.411 [main] TRACE - Finished loading type system org.apache.xmlbeans.metadata.system.sXMLLANG
13:05:10.412 [main] TRACE - Reading unresolved handles for type system org.apache.xmlbeans.metadata.system.sXMLCONFIG
13:05:10.413 [main] TRACE - Finished loading type system org.apache.xmlbeans.metadata.system.sXMLCONFIG
13:05:10.419 [main] TRACE - Reading unresolved handles for type system org.apache.poi.schemas.ooxml.system.ooxml
13:05:10.498 [main] TRACE - Finished loading type system org.apache.poi.schemas.ooxml.system.ooxml
13:05:10.499 [main] TRACE - Resolving type for handle themefd26doctype
13:05:10.593 [main] TRACE - Resolving type for handle stylesheet5d8bdoctype
13:05:10.615 [main] TRACE - Resolving type for handle ctstylesheet4257type
13:05:10.621 [main] TRACE - Resolving type for handle ctfonts6623type
13:05:10.623 [main] TRACE - Resolving type for handle ctfont14d8type
13:05:10.629 [main] TRACE - Resolving type for handle ctfills2c6ftype
13:05:10.631 [main] TRACE - Resolving type for handle ctfill550ctype
13:05:10.633 [main] TRACE - Resolving type for handle ctborders0d66type
13:05:10.635 [main] TRACE - Resolving type for handle ctborderf935type
13:05:10.639 [main] TRACE - Resolving type for handle ctcellxfs1322type
13:05:10.643 [main] TRACE - Resolving type for handle ctxf97f7type
13:05:10.646 [main] TRACE - Resolving type for handle ctcellstylexfsa81ftype
13:05:10.647 [main] TRACE - Resolving type for handle ctdxfsb26atype
13:05:10.649 [main] TRACE - Resolving type for handle cttablestyles872ftype
13:05:10.652 [main] TRACE - Resolving type for handle sstf81fdoctype
13:05:10.666 [main] TRACE - Resolving type for handle ctsst44f3type
13:05:10.680 [main] TRACE - Resolving type for handle ctrsta472type
13:05:10.701 [main] TRACE - Resolving type for handle workbookec17doctype
13:05:10.716 [main] TRACE - Resolving type for handle ctworkbook83c3type
13:05:10.723 [main] TRACE - Resolving type for handle ctsheets49fdtype
13:05:10.726 [main] TRACE - Resolving type for handle ctsheet4dbetype
13:05:10.728 [main] TRACE - Resolving type for handle strelationshipid1e94type
13:05:10.735 [main] TRACE - Resolving type for handle worksheetf539doctype
13:05:10.752 [main] TRACE - Resolving type for handle ctworksheet530dtype
13:05:10.762 [main] TRACE - Resolving type for handle ctsheetdata8408type
13:05:10.766 [main] TRACE - Resolving type for handle ctrowdd39type
13:05:10.770 [main] TRACE - Resolving type for handle ctcell842btype
13:05:10.776 [main] TRACE - Resolving type for handle stcellrefe4e0type
13:05:10.782 [main] TRACE - Resolving type for handle ctcols627ctype
13:05:10.786 [main] TRACE - Resolving type for handle ctcola95ftype
13:05:10.814 [main] TRACE - Resolving type for handle stxstringf179type
13:05:10.817 [main] TRACE - Resolving type for handle stcelltypebf95type
13:05:18.715 [main] INFO  - Goto my account-->Click on Login.. 
13:05:18.726 [main] DEBUG - Parsing relationship: /xl/_rels/workbook.xml.rels
13:05:18.728 [main] DEBUG - Parsing relationship: /_rels/.rels
13:05:40.200 [main] INFO  - Goto my account-->Click on Login.. 
13:05:40.228 [main] DEBUG - Parsing relationship: /xl/_rels/workbook.xml.rels
13:05:40.230 [main] DEBUG - Parsing relationship: /_rels/.rels
13:06:07.845 [main] INFO  - Goto my account-->Click on Login.. 
13:06:07.853 [main] DEBUG - Parsing relationship: /xl/_rels/workbook.xml.rels
13:06:07.853 [main] DEBUG - Parsing relationship: /_rels/.rels
13:06:31.273 [main] INFO  - Goto my account-->Click on Login.. 
13:06:31.298 [main] DEBUG - Parsing relationship: /xl/_rels/workbook.xml.rels
13:06:31.300 [main] DEBUG - Parsing relationship: /_rels/.rels
18:52:01.566 [main] INFO  - Goto my account-->Click on Login.. 
18:52:01.720 [main] DEBUG - Parsing relationship: /xl/_rels/workbook.xml.rels
18:52:01.724 [main] DEBUG - Parsing relationship: /_rels/.rels
18:52:01.904 [main] TRACE - Loading type system org.apache.poi.schemas.ooxml.system.ooxml
18:52:01.907 [main] TRACE - Loading type system org.apache.xmlbeans.metadata.system.sXMLCONFIG
18:52:01.907 [main] TRACE - Loading type system org.apache.xmlbeans.metadata.system.sXMLLANG
18:52:01.908 [main] TRACE - Loading type system org.apache.xmlbeans.metadata.system.sXMLSCHEMA
18:52:01.908 [main] TRACE - Loading type system org.apache.xmlbeans.metadata.system.sXMLTOOLS
18:52:01.909 [main] TRACE - Reading unresolved handles for type system org.apache.xmlbeans.metadata.system.sXMLTOOLS
18:52:01.922 [main] TRACE - Finished loading type system org.apache.xmlbeans.metadata.system.sXMLTOOLS
18:52:01.923 [main] TRACE - Reading unresolved handles for type system org.apache.xmlbeans.metadata.system.sXMLSCHEMA
18:52:01.932 [main] TRACE - Finished loading type system org.apache.xmlbeans.metadata.system.sXMLSCHEMA
18:52:01.933 [main] TRACE - Reading unresolved handles for type system org.apache.xmlbeans.metadata.system.sXMLLANG
18:52:01.934 [main] TRACE - Finished loading type system org.apache.xmlbeans.metadata.system.sXMLLANG
18:52:01.935 [main] TRACE - Reading unresolved handles for type system org.apache.xmlbeans.metadata.system.sXMLCONFIG
18:52:01.936 [main] TRACE - Finished loading type system org.apache.xmlbeans.metadata.system.sXMLCONFIG
18:52:01.938 [main] TRACE - Reading unresolved handles for type system org.apache.poi.schemas.ooxml.system.ooxml
18:52:01.981 [main] TRACE - Finished loading type system org.apache.poi.schemas.ooxml.system.ooxml
18:52:01.981 [main] TRACE - Resolving type for handle themefd26doctype
18:52:02.043 [main] TRACE - Resolving type for handle stylesheet5d8bdoctype
18:52:02.049 [main] TRACE - Resolving type for handle ctstylesheet4257type
18:52:02.054 [main] TRACE - Resolving type for handle ctfonts6623type
18:52:02.057 [main] TRACE - Resolving type for handle ctfont14d8type
18:52:02.063 [main] TRACE - Resolving type for handle ctfills2c6ftype
18:52:02.064 [main] TRACE - Resolving type for handle ctfill550ctype
18:52:02.066 [main] TRACE - Resolving type for handle ctborders0d66type
18:52:02.070 [main] TRACE - Resolving type for handle ctborderf935type
18:52:02.073 [main] TRACE - Resolving type for handle ctcellxfs1322type
18:52:02.076 [main] TRACE - Resolving type for handle ctxf97f7type
18:52:02.079 [main] TRACE - Resolving type for handle ctcellstylexfsa81ftype
18:52:02.081 [main] TRACE - Resolving type for handle ctdxfsb26atype
18:52:02.083 [main] TRACE - Resolving type for handle cttablestyles872ftype
18:52:02.088 [main] TRACE - Resolving type for handle sstf81fdoctype
18:52:02.091 [main] TRACE - Resolving type for handle ctsst44f3type
18:52:02.102 [main] TRACE - Resolving type for handle ctrsta472type
18:52:02.124 [main] TRACE - Resolving type for handle workbookec17doctype
18:52:02.130 [main] TRACE - Resolving type for handle ctworkbook83c3type
18:52:02.134 [main] TRACE - Resolving type for handle ctsheets49fdtype
18:52:02.137 [main] TRACE - Resolving type for handle ctsheet4dbetype
18:52:02.139 [main] TRACE - Resolving type for handle strelationshipid1e94type
18:52:02.142 [main] TRACE - Resolving type for handle worksheetf539doctype
18:52:02.147 [main] TRACE - Resolving type for handle ctworksheet530dtype
18:52:02.153 [main] TRACE - Resolving type for handle ctsheetdata8408type
18:52:02.156 [main] TRACE - Resolving type for handle ctrowdd39type
18:52:02.161 [main] TRACE - Resolving type for handle ctcell842btype
18:52:02.167 [main] TRACE - Resolving type for handle stcellrefe4e0type
18:52:02.174 [main] TRACE - Resolving type for handle ctcols627ctype
18:52:02.178 [main] TRACE - Resolving type for handle ctcola95ftype
18:52:02.195 [main] TRACE - Resolving type for handle stxstringf179type
18:52:02.198 [main] TRACE - Resolving type for handle stcelltypebf95type
18:53:04.448 [main] INFO  - Goto my account-->Click on Login.. 
18:53:04.570 [main] DEBUG - Parsing relationship: /xl/_rels/workbook.xml.rels
18:53:04.572 [main] DEBUG - Parsing relationship: /_rels/.rels
18:53:04.727 [main] TRACE - Loading type system org.apache.poi.schemas.ooxml.system.ooxml
18:53:04.729 [main] TRACE - Loading type system org.apache.xmlbeans.metadata.system.sXMLCONFIG
18:53:04.730 [main] TRACE - Loading type system org.apache.xmlbeans.metadata.system.sXMLLANG
